<?xml version="1.0" encoding="UTF-8"?>
<!-- Generated by org.testng.reporters.JUnitReportReporter -->
<testsuite hostname="DESKTOP-A920OEJ" failures="0" tests="3" name="AutomationPracticeWebsite.automationpracticewebsiteTest" time="18.118" errors="0" timestamp="2022-03-19T00:43:05 PDT" skipped="0">
  <testcase classname="AutomationPracticeWebsite.automationpracticewebsiteTest" name="women" time="4.043"/>
  <system-out/>
  <testcase classname="AutomationPracticeWebsite.automationpracticewebsiteTest" name="pricecheck" time="2.281"/>
  <system-out/>
  <testcase classname="AutomationPracticeWebsite.automationpracticewebsiteTest" name="dress" time="11.794"/>
  <system-out/>
</testsuite> <!-- AutomationPracticeWebsite.automationpracticewebsiteTest -->
