<?xml version="1.0" encoding="UTF-8"?>
<!-- Generated by org.testng.reporters.JUnitReportReporter -->
<testsuite hostname="DESKTOP-A920OEJ" failures="0" tests="3" name="AutomationPracticeWebsite.automationpracticewebsiteTest" time="17.736" errors="0" timestamp="2022-03-12T20:28:40 PST" skipped="0">
  <testcase classname="AutomationPracticeWebsite.automationpracticewebsiteTest" name="women" time="3.942"/>
  <system-out/>
  <testcase classname="AutomationPracticeWebsite.automationpracticewebsiteTest" name="pricecheck" time="2.005"/>
  <system-out/>
  <testcase classname="AutomationPracticeWebsite.automationpracticewebsiteTest" name="dress" time="11.789"/>
  <system-out/>
</testsuite> <!-- AutomationPracticeWebsite.automationpracticewebsiteTest -->
