<?xml version="1.0" encoding="UTF-8"?>
<!-- Generated by org.testng.reporters.JUnitReportReporter -->
<testsuite hostname="DESKTOP-A920OEJ" failures="0" tests="2" name="com.test.MultiTest" time="2.342" errors="0" timestamp="2022-03-12T20:28:40 PST" skipped="0">
  <testcase classname="com.test.MultiTest" name="SelectDropDown" time="0.977"/>
  <system-out/>
  <testcase classname="com.test.MultiTest" name="AdvanceDropDown" time="1.365"/>
  <system-out/>
</testsuite> <!-- com.test.MultiTest -->
