<?xml version="1.0" encoding="UTF-8"?>
<!-- Generated by org.testng.reporters.JUnitReportReporter -->
<testsuite hostname="DESKTOP-A920OEJ" failures="0" tests="3" name="AutomationPracticeWebsite.automationpracticewebsiteTest" time="21.408" errors="0" timestamp="2022-03-15T22:59:47 PDT" skipped="0">
  <testcase classname="AutomationPracticeWebsite.automationpracticewebsiteTest" name="dress" time="12.031"/>
  <system-out/>
  <testcase classname="AutomationPracticeWebsite.automationpracticewebsiteTest" name="pricecheck" time="5.128"/>
  <system-out/>
  <testcase classname="AutomationPracticeWebsite.automationpracticewebsiteTest" name="women" time="4.249"/>
  <system-out/>
</testsuite> <!-- AutomationPracticeWebsite.automationpracticewebsiteTest -->
