<?xml version="1.0" encoding="UTF-8"?>
<!-- Generated by org.testng.reporters.JUnitReportReporter -->
<testsuite hostname="DESKTOP-A920OEJ" failures="0" tests="3" name="AutomationPracticeWebsite.automationpracticewebsiteTest" time="19.121" errors="0" timestamp="2022-03-19T00:44:48 PDT" skipped="0">
  <testcase classname="AutomationPracticeWebsite.automationpracticewebsiteTest" name="women" time="3.968"/>
  <system-out/>
  <testcase classname="AutomationPracticeWebsite.automationpracticewebsiteTest" name="pricecheck" time="2.275"/>
  <system-out/>
  <testcase classname="AutomationPracticeWebsite.automationpracticewebsiteTest" name="dress" time="12.878"/>
  <system-out/>
</testsuite> <!-- AutomationPracticeWebsite.automationpracticewebsiteTest -->
