<?xml version="1.0" encoding="UTF-8"?>
<!-- Generated by org.testng.reporters.JUnitReportReporter -->
<testsuite hostname="DESKTOP-A920OEJ" failures="0" tests="2" name="com.test.MultiTest1" time="41.159" errors="0" timestamp="2022-03-12T20:27:11 PST" skipped="0">
  <testcase classname="com.test.MultiTest1" name="yatra" time="12.124"/>
  <system-out/>
  <testcase classname="com.test.MultiTest1" name="yatra1" time="29.035"/>
  <system-out/>
</testsuite> <!-- com.test.MultiTest1 -->
