<?xml version="1.0" encoding="UTF-8"?>
<!-- Generated by org.testng.reporters.JUnitReportReporter -->
<testsuite hostname="DESKTOP-A920OEJ" failures="0" tests="3" name="AutomationPracticeWebsite.automationpracticewebsiteTest" time="17.741" errors="0" timestamp="2022-03-12T20:27:11 PST" skipped="0">
  <testcase classname="AutomationPracticeWebsite.automationpracticewebsiteTest" name="women" time="3.952"/>
  <system-out/>
  <testcase classname="AutomationPracticeWebsite.automationpracticewebsiteTest" name="dress" time="11.879"/>
  <system-out/>
  <testcase classname="AutomationPracticeWebsite.automationpracticewebsiteTest" name="pricecheck" time="1.910"/>
  <system-out/>
</testsuite> <!-- AutomationPracticeWebsite.automationpracticewebsiteTest -->
